This is pdfTeX, Version 3.1415926-2.3-1.40.12 (MiKTeX 2.9) (preloaded format=pdflatex 2016.2.17)  20 FEB 2016 16:27
entering extended mode
**C:/Users/Glass/Documents/GitHub/DeepLearningLecture/Lecture.tex
(C:/Users/Glass/Documents/GitHub/DeepLearningLecture/Lecture.tex
LaTeX2e <2011/06/27>
Babel <v3.8m> and hyphenation patterns for loaded.
(D:\CTEX\MiKTeX\tex\latex\ctex\ctexbook.cls
Document Class: ctexbook 2011/03/11 v1.02c ctexbook document class
(D:\CTEX\MiKTeX\tex\latex\ctex\opt\ctex-common-opts.def)
(D:\CTEX\MiKTeX\tex\latex\ctex\opt\ctex-caption-opts.def
\c@CTEX@sectiondepth=\count79
)
(D:\CTEX\MiKTeX\tex\latex\ctex\opt\ctex-class-opts.def)
(D:\CTEX\CTeX\tex\latex\ctex\cfg\ctexopts.cfg)
(D:\CTEX\MiKTeX\tex\latex\ctex\def\ctex-loadclass.def
(D:\CTEX\MiKTeX\tex\latex\base\book.cls
Document Class: book 2007/10/19 v1.4h Standard LaTeX document class
(D:\CTEX\MiKTeX\tex\latex\base\bk10.clo
File: bk10.clo 2007/10/19 v1.4h Standard LaTeX file (size option)
)
\c@part=\count80
\c@chapter=\count81
\c@section=\count82
\c@subsection=\count83
\c@subsubsection=\count84
\c@paragraph=\count85
\c@subparagraph=\count86
\c@figure=\count87
\c@table=\count88
\abovecaptionskip=\skip41
\belowcaptionskip=\skip42
\bibindent=\dimen102
))
(D:\CTEX\MiKTeX\tex\latex\ctex\def\ctex-common.def
(D:\CTEX\MiKTeX\tex\latex\l3kernel\expl3.sty
(D:\CTEX\MiKTeX\tex\latex\l3kernel\l3names.sty
(D:\CTEX\MiKTeX\tex\latex\l3kernel\l3bootstrap.sty
Package: l3bootstrap 2011/12/29 v3110 L3 Experimental bootstrap code
)
Package: l3names 2011/12/30 v3113 L3 Experimental namespace for primitives
)
(D:\CTEX\MiKTeX\tex\latex\misc\etex.sty
Package: etex 1998/03/26 v2.0 eTeX basic definition package (PEB)
\et@xins=\count89
)
Package: expl3 2012/02/26 v3471 L3 Experimental code bundle wrapper

(D:\CTEX\MiKTeX\tex\latex\graphics\color.sty
Package: color 2005/11/14 v1.0j Standard LaTeX Color (DPC)

(D:\CTEX\MiKTeX\tex\latex\00miktex\color.cfg
File: color.cfg 2007/01/18 v1.5 color configuration of teTeX/TeXLive
)
Package color Info: Driver file: pdftex.def on input line 130.

(D:\CTEX\MiKTeX\tex\latex\pdftex-def\pdftex.def
File: pdftex.def 2011/05/27 v0.06d Graphics/color for pdfTeX

(D:\CTEX\MiKTeX\tex\generic\oberdiek\infwarerr.sty
Package: infwarerr 2010/04/08 v1.3 Providing info/warning/message (HO)
)
(D:\CTEX\MiKTeX\tex\generic\oberdiek\ltxcmds.sty
Package: ltxcmds 2011/04/18 v1.20 LaTeX kernel commands for general use (HO)
)
\Gread@gobject=\count90
))
(D:\CTEX\MiKTeX\tex\latex\graphics\graphics.sty
Package: graphics 2009/02/05 v1.0o Standard LaTeX Graphics (DPC,SPQR)

(D:\CTEX\MiKTeX\tex\latex\graphics\trig.sty
Package: trig 1999/03/16 v1.09 sin cos tan (DPC)
)
(D:\CTEX\MiKTeX\tex\latex\00miktex\graphics.cfg
File: graphics.cfg 2007/01/18 v1.5 graphics configuration of teTeX/TeXLive
)
Package graphics Info: Driver file: pdftex.def on input line 91.
)
(D:\CTEX\MiKTeX\tex\latex\l3kernel\l3basics.sty
Package: l3basics 2012/02/26 v3460 L3 Experimental basic definitions
)
(D:\CTEX\MiKTeX\tex\latex\l3kernel\l3expan.sty
Package: l3expan 2012/02/26 v3460 L3 Experimental argument expansion
)
(D:\CTEX\MiKTeX\tex\latex\l3kernel\l3tl.sty
Package: l3tl 2012/02/26 v3460 L3 Experimental token lists
)
(D:\CTEX\MiKTeX\tex\latex\l3kernel\l3seq.sty
Package: l3seq 2012/01/09 v3158 L3 Experimental sequences and stacks
)
(D:\CTEX\MiKTeX\tex\latex\l3kernel\l3int.sty
Package: l3int 2012/02/26 v3460 L3 Experimental integers
\c_max_int=\count91
\l_tmpa_int=\count92
\l_tmpb_int=\count93
\l_tmpc_int=\count94
\g_tmpa_int=\count95
\g_tmpb_int=\count96
)
(D:\CTEX\MiKTeX\tex\latex\l3kernel\l3quark.sty
Package: l3quark 2012/02/12 v3384 L3 Experimental quarks
)
(D:\CTEX\MiKTeX\tex\latex\l3kernel\l3prg.sty
Package: l3prg 2012/02/26 v3464 L3 Experimental control structures
\g_prg_map_int=\count97
)
(D:\CTEX\MiKTeX\tex\latex\l3kernel\l3clist.sty
Package: l3clist 2012/02/26 v3460 L3 Experimental comma separated lists
)
(D:\CTEX\MiKTeX\tex\latex\l3kernel\l3token.sty
Package: l3token 2012/02/26 v3460 L3 Experimental token manipulation
)
(D:\CTEX\MiKTeX\tex\latex\l3kernel\l3prop.sty
Package: l3prop 2012/02/26 v3460 L3 Experimental property lists
)
(D:\CTEX\MiKTeX\tex\latex\l3kernel\l3msg.sty
Package: l3msg 2012/02/26 v3470 L3 Experimental messages
)
(D:\CTEX\MiKTeX\tex\latex\l3kernel\l3file.sty
Package: l3file 2012/02/26 v3464 L3 Experimental file and I/O operations
\l_iow_stream_int=\count98
\l_iow_line_length_int=\count99
\l_iow_target_length_int=\count100
\l_iow_current_line_int=\count101
\l_iow_current_word_int=\count102
\l_iow_current_indentation_int=\count103
)
(D:\CTEX\MiKTeX\tex\latex\l3kernel\l3skip.sty
Package: l3skip 2012/02/26 v3460 L3 Experimental dimensions and skips
\l_tmpa_dim=\dimen103
\l_tmpb_dim=\dimen104
\l_tmpc_dim=\dimen105
\g_tmpa_dim=\dimen106
\g_tmpb_dim=\dimen107
\l_tmpa_skip=\skip43
\l_tmpb_skip=\skip44
\l_tmpc_skip=\skip45
\g_tmpa_skip=\skip46
\g_tmpb_skip=\skip47
)
(D:\CTEX\MiKTeX\tex\latex\l3kernel\l3keys.sty
Package: l3keys 2011/12/22 v3086 L3 Experimental key-value interfaces
\g_keyval_level_int=\count104
\l_keys_choice_int=\count105
)
(D:\CTEX\MiKTeX\tex\latex\l3kernel\l3fp.sty
Package: l3fp 2012/02/06 v3315 L3 Experimental floating-point operations
\c_one_million=\count106
\c_one_hundred_million=\count107
\c_five_hundred_million=\count108
\c_one_thousand_million=\count109
\c_fp_pi_by_four_decimal_int=\count110
\c_fp_pi_by_four_extended_int=\count111
\c_fp_pi_decimal_int=\count112
\c_fp_pi_extended_int=\count113
\c_fp_two_pi_decimal_int=\count114
\c_fp_two_pi_extended_int=\count115
\l_fp_count_int=\count116
\l_fp_div_offset_int=\count117
\l_fp_exp_integer_int=\count118
\l_fp_exp_decimal_int=\count119
\l_fp_exp_extended_int=\count120
\l_fp_exp_exponent_int=\count121
\l_fp_input_a_sign_int=\count122
\l_fp_input_a_integer_int=\count123
\l_fp_input_a_decimal_int=\count124
\l_fp_input_a_exponent_int=\count125
\l_fp_input_b_sign_int=\count126
\l_fp_input_b_integer_int=\count127
\l_fp_input_b_decimal_int=\count128
\l_fp_input_b_exponent_int=\count129
\l_fp_input_a_extended_int=\count130
\l_fp_input_b_extended_int=\count131
\l_fp_mul_a_i_int=\count132
\l_fp_mul_a_ii_int=\count133
\l_fp_mul_a_iii_int=\count134
\l_fp_mul_a_iv_int=\count135
\l_fp_mul_a_v_int=\count136
\l_fp_mul_a_vi_int=\count137
\l_fp_mul_b_i_int=\count138
\l_fp_mul_b_ii_int=\count139
\l_fp_mul_b_iii_int=\count140
\l_fp_mul_b_iv_int=\count141
\l_fp_mul_b_v_int=\count142
\l_fp_mul_b_vi_int=\count143
\l_fp_mul_output_int=\count144
\l_fp_output_sign_int=\count145
\l_fp_output_integer_int=\count146
\l_fp_output_decimal_int=\count147
\l_fp_output_exponent_int=\count148
\l_fp_output_extended_int=\count149
\l_fp_round_position_int=\count150
\l_fp_round_target_int=\count151
\l_fp_split_sign_int=\count152
\l_fp_internal_int=\count153
\l_fp_trig_octant_int=\count154
\l_fp_trig_sign_int=\count155
\l_fp_trig_decimal_int=\count156
\l_fp_trig_extended_int=\count157
\l_fp_internal_dim=\dimen108
\l_fp_internal_skip=\skip48
)
(D:\CTEX\MiKTeX\tex\latex\l3kernel\l3box.sty
Package: l3box 2012/02/18 v3432 L3 Experimental boxes
\l_tmpb_box=\box26
\l_box_top_dim=\dimen109
\l_box_bottom_dim=\dimen110
\l_box_left_dim=\dimen111
\l_box_right_dim=\dimen112
\l_box_top_new_dim=\dimen113
\l_box_bottom_new_dim=\dimen114
\l_box_left_new_dim=\dimen115
\l_box_right_new_dim=\dimen116
\l_box_internal_box=\box27
)
(D:\CTEX\MiKTeX\tex\latex\l3kernel\l3coffins.sty
Package: l3coffins 2012/02/26 v3460 L3 Experimental coffin code layer
\l_coffin_internal_box=\box28
\l_coffin_internal_dim=\dimen117
\l_coffin_offset_x_dim=\dimen118
\l_coffin_offset_y_dim=\dimen119
\l_coffin_x_dim=\dimen120
\l_coffin_y_dim=\dimen121
\l_coffin_x_prime_dim=\dimen122
\l_coffin_y_prime_dim=\dimen123
\l_coffin_Depth_dim=\dimen124
\l_coffin_Height_dim=\dimen125
\l_coffin_TotalHeight_dim=\dimen126
\l_coffin_Width_dim=\dimen127
\c_empty_coffin=\box29
\l_coffin_aligned_coffin=\box30
\l_coffin_aligned_internal_coffin=\box31
\l_coffin_bounding_shift_dim=\dimen128
\l_coffin_left_corner_dim=\dimen129
\l_coffin_right_corner_dim=\dimen130
\l_coffin_bottom_corner_dim=\dimen131
\l_coffin_top_corner_dim=\dimen132
\l_coffin_scaled_total_height_dim=\dimen133
\l_coffin_scaled_width_dim=\dimen134
\l_coffin_display_coffin=\box32
\l_coffin_display_coord_coffin=\box33
\l_coffin_display_pole_coffin=\box34
\l_coffin_display_offset_dim=\dimen135
\l_coffin_display_x_dim=\dimen136
\l_coffin_display_y_dim=\dimen137
)
(D:\CTEX\MiKTeX\tex\latex\l3kernel\l3color.sty
Package: l3color 2011/09/07 v2776 L3 Experimental colour support
)
(D:\CTEX\MiKTeX\tex\latex\l3kernel\l3luatex.sty
Package: l3luatex 2012/02/09 v3355 L3 Experimental LuaTeX-specific functions
\g_cctab_allocate_int=\count158
\g_cctab_stack_int=\count159
))
(D:\CTEX\MiKTeX\tex\latex\etoolbox\etoolbox.sty
Package: etoolbox 2011/01/03 v2.1 e-TeX tools for LaTeX
\etb@tempcnta=\count160
)
(D:\CTEX\MiKTeX\tex\generic\oberdiek\ifpdf.sty
Package: ifpdf 2011/01/30 v2.3 Provides the ifpdf switch (HO)
Package ifpdf Info: pdfTeX in PDF mode is detected.
)
(D:\CTEX\MiKTeX\tex\generic\ifxetex\ifxetex.sty
Package: ifxetex 2010/09/12 v0.6 Provides ifxetex conditional
)
(D:\CTEX\MiKTeX\tex\latex\graphics\keyval.sty
Package: keyval 1999/03/16 v1.13 key=value parser (DPC)
\KV@toks@=\toks14
)
(D:\CTEX\MiKTeX\tex\latex\tools\indentfirst.sty
Package: indentfirst 1995/11/23 v1.03 Indent first paragraph (DPC)
)
(D:\CTEX\MiKTeX\tex\latex\base\fix-cm.sty
Package: fix-cm 2006/09/13 v1.1m fixes to LaTeX

(D:\CTEX\MiKTeX\tex\latex\base\ts1enc.def
File: ts1enc.def 2001/06/05 v3.0e (jk/car/fm) Standard LaTeX file
))
(D:\CTEX\MiKTeX\tex\latex\ctex\engine\ctex-cjk-engine.def
(D:\CTEX\MiKTeX\tex\latex\cjk\CJK.sty
Package: CJK 2008/12/29 4.8.2

(D:\CTEX\MiKTeX\tex\latex\cjk\mule\MULEenc.sty
Package: MULEenc 2008/12/29 4.8.2
)
(D:\CTEX\MiKTeX\tex\latex\cjk\CJK.enc
File: CJK.enc 2008/12/29 4.8.2
)
LaTeX Info: Redefining \selectfont on input line 756.
\CJK@indent=\box35
)
(D:\CTEX\CTeX\tex\latex\CJKpunct\CJKpunct.sty
Package: CJKpunct 2010/02/21 4.8.2-2
\CJKpunct@cnta=\count161
\CJKpunct@cntb=\count162
\CJKpunct@cntc=\count163
\CJKpunct@cntd=\count164
\CJKpunct@cnte=\count165

(D:\CTEX\CTeX\tex\latex\CJKpunct\CJKpunct.spa))
(D:\CTEX\MiKTeX\tex\latex\ctex\engine\ctex-cjk-common.def
\ccwd=\dimen138
)
(D:\CTEX\MiKTeX\tex\latex\ctex\fontset\ctex-cjk-winfonts.def
(D:\CTEX\MiKTeX\tex\generic\zhmetrics\zhwinfonts.tex
(D:\CTEX\MiKTeX\tex\generic\oberdiek\ifpdf.sty
Package ifpdf Info: The package is already loaded, stopped on input line 64.
){D:/CTEX/UserData/pdftex/config/pdftex.map{Unicode.sfd}{UGBK.sfd}})))
\CTEX@q=\count166
\CTEX@r=\count167
)
(D:\CTEX\MiKTeX\tex\latex\ctex\def\ctex-caption.def)
(D:\CTEX\MiKTeX\tex\latex\ctex\def\ctex-class.def)
(D:\CTEX\MiKTeX\tex\latex\ctex\def\ctex-book.def))
(D:\CTEX\MiKTeX\tex\latex\ctex\def\ctex-gbk.def)
(D:\CTEX\MiKTeX\tex\latex\ctex\cfg\ctexcap.cfg
(D:\CTEX\MiKTeX\tex\latex\ctex\cfg\ctexcap-gbk.cfg))
(D:\CTEX\MiKTeX\tex\latex\ctex\cfg\ctex.cfg)
(D:\CTEX\MiKTeX\tex\latex\ams\math\amsmath.sty
Package: amsmath 2000/07/18 v2.13 AMS math features
\@mathmargin=\skip49

For additional information on amsmath, use the `?' option.
(D:\CTEX\MiKTeX\tex\latex\ams\math\amstext.sty
Package: amstext 2000/06/29 v2.01

(D:\CTEX\MiKTeX\tex\latex\ams\math\amsgen.sty
File: amsgen.sty 1999/11/30 v2.0
\@emptytoks=\toks15
\ex@=\dimen139
))
(D:\CTEX\MiKTeX\tex\latex\ams\math\amsbsy.sty
Package: amsbsy 1999/11/29 v1.2d
\pmbraise@=\dimen140
)
(D:\CTEX\MiKTeX\tex\latex\ams\math\amsopn.sty
Package: amsopn 1999/12/14 v2.01 operator names
)
\inf@bad=\count168
LaTeX Info: Redefining \frac on input line 211.
\uproot@=\count169
\leftroot@=\count170
LaTeX Info: Redefining \overline on input line 307.
\classnum@=\count171
\DOTSCASE@=\count172
LaTeX Info: Redefining \ldots on input line 379.
LaTeX Info: Redefining \dots on input line 382.
LaTeX Info: Redefining \cdots on input line 467.
\Mathstrutbox@=\box36
\strutbox@=\box37
\big@size=\dimen141
LaTeX Font Info:    Redeclaring font encoding OML on input line 567.
LaTeX Font Info:    Redeclaring font encoding OMS on input line 568.
\macc@depth=\count173
\c@MaxMatrixCols=\count174
\dotsspace@=\muskip10
\c@parentequation=\count175
\dspbrk@lvl=\count176
\tag@help=\toks16
\row@=\count177
\column@=\count178
\maxfields@=\count179
\andhelp@=\toks17
\eqnshift@=\dimen142
\alignsep@=\dimen143
\tagshift@=\dimen144
\tagwidth@=\dimen145
\totwidth@=\dimen146
\lineht@=\dimen147
\@envbody=\toks18
\multlinegap=\skip50
\multlinetaggap=\skip51
\mathdisplay@stack=\toks19
LaTeX Info: Redefining \[ on input line 2666.
LaTeX Info: Redefining \] on input line 2667.
)
(D:\CTEX\MiKTeX\tex\latex\amsfonts\amssymb.sty
Package: amssymb 2009/06/22 v3.00

(D:\CTEX\MiKTeX\tex\latex\amsfonts\amsfonts.sty
Package: amsfonts 2009/06/22 v3.00 Basic AMSFonts support
\symAMSa=\mathgroup4
\symAMSb=\mathgroup5
LaTeX Font Info:    Overwriting math alphabet `\mathfrak' in version `bold'
(Font)                  U/euf/m/n --> U/euf/b/n on input line 96.
))
(D:\CTEX\MiKTeX\tex\latex\ams\classes\amsthm.sty
Package: amsthm 2004/08/06 v2.20
\thm@style=\toks20
\thm@bodyfont=\toks21
\thm@headfont=\toks22
\thm@notefont=\toks23
\thm@headpunct=\toks24
\thm@preskip=\skip52
\thm@postskip=\skip53
\thm@headsep=\skip54
\dth@everypar=\toks25
)
(D:\CTEX\MiKTeX\tex\latex\listings\listings.sty
\lst@mode=\count180
\lst@gtempboxa=\box38
\lst@token=\toks26
\lst@length=\count181
\lst@currlwidth=\dimen148
\lst@column=\count182
\lst@pos=\count183
\lst@lostspace=\dimen149
\lst@width=\dimen150
\lst@newlines=\count184
\lst@lineno=\count185
\lst@maxwidth=\dimen151

(D:\CTEX\MiKTeX\tex\latex\listings\lstmisc.sty
File: lstmisc.sty 2007/02/22 1.4 (Carsten Heinz)
\c@lstnumber=\count186
\lst@skipnumbers=\count187
\lst@framebox=\box39
)
(D:\CTEX\MiKTeX\tex\latex\listings\listings.cfg
File: listings.cfg 2007/02/22 1.4 listings configuration
))
Package: listings 2007/02/22 1.4 (Carsten Heinz)

(D:\CTEX\MiKTeX\tex\latex\booktabs\booktabs.sty
Package: booktabs 2005/04/14 v1.61803 publication quality tables
\heavyrulewidth=\dimen152
\lightrulewidth=\dimen153
\cmidrulewidth=\dimen154
\belowrulesep=\dimen155
\belowbottomsep=\dimen156
\aboverulesep=\dimen157
\abovetopsep=\dimen158
\cmidrulesep=\dimen159
\cmidrulekern=\dimen160
\defaultaddspace=\dimen161
\@cmidla=\count188
\@cmidlb=\count189
\@aboverulesep=\dimen162
\@belowrulesep=\dimen163
\@thisruleclass=\count190
\@lastruleclass=\count191
\@thisrulewidth=\dimen164
)
(D:\CTEX\MiKTeX\tex\latex\listings\lstlang1.sty
File: lstlang1.sty 2004/09/05 1.3 listings language file
)
(C:\Users\Glass\Documents\GitHub\DeepLearningLecture\Lecture.aux

LaTeX Warning: Label `6.2' multiply defined.

)
LaTeX Font Info:    Checking defaults for OML/cmm/m/it on input line 42.
LaTeX Font Info:    ... okay on input line 42.
LaTeX Font Info:    Checking defaults for T1/cmr/m/n on input line 42.
LaTeX Font Info:    ... okay on input line 42.
LaTeX Font Info:    Checking defaults for OT1/cmr/m/n on input line 42.
LaTeX Font Info:    ... okay on input line 42.
LaTeX Font Info:    Checking defaults for OMS/cmsy/m/n on input line 42.
LaTeX Font Info:    ... okay on input line 42.
LaTeX Font Info:    Checking defaults for OMX/cmex/m/n on input line 42.
LaTeX Font Info:    ... okay on input line 42.
LaTeX Font Info:    Checking defaults for U/cmr/m/n on input line 42.
LaTeX Font Info:    ... okay on input line 42.
LaTeX Font Info:    Checking defaults for TS1/cmr/m/n on input line 42.
LaTeX Font Info:    ... okay on input line 42.
LaTeX Font Info:    Checking defaults for C00/song/m/n on input line 42.
LaTeX Font Info:    ... okay on input line 42.
LaTeX Font Info:    Checking defaults for C05/song/m/n on input line 42.
LaTeX Font Info:    ... okay on input line 42.
LaTeX Font Info:    Checking defaults for C09/song/m/n on input line 42.
LaTeX Font Info:    ... okay on input line 42.
LaTeX Font Info:    Checking defaults for C10/song/m/n on input line 42.
LaTeX Font Info:    ... okay on input line 42.
LaTeX Font Info:    Checking defaults for C20/song/m/n on input line 42.
LaTeX Font Info:    ... okay on input line 42.
LaTeX Font Info:    Checking defaults for C19/song/m/n on input line 42.
LaTeX Font Info:    ... okay on input line 42.
LaTeX Font Info:    Checking defaults for C40/song/m/n on input line 42.
LaTeX Font Info:    ... okay on input line 42.
LaTeX Font Info:    Checking defaults for C42/song/m/n on input line 42.
LaTeX Font Info:    ... okay on input line 42.
LaTeX Font Info:    Checking defaults for C43/song/m/n on input line 42.
LaTeX Font Info:    ... okay on input line 42.
LaTeX Font Info:    Checking defaults for C50/song/m/n on input line 42.
LaTeX Font Info:    ... okay on input line 42.
LaTeX Font Info:    Checking defaults for C52/song/m/n on input line 42.
LaTeX Font Info:    ... okay on input line 42.
LaTeX Font Info:    Checking defaults for C49/song/m/n on input line 42.
LaTeX Font Info:    ... okay on input line 42.
LaTeX Font Info:    Checking defaults for C60/mj/m/n on input line 42.
LaTeX Font Info:    ... okay on input line 42.
LaTeX Font Info:    Checking defaults for C61/mj/m/n on input line 42.
LaTeX Font Info:    ... okay on input line 42.
LaTeX Font Info:    Checking defaults for C63/mj/m/n on input line 42.
LaTeX Font Info:    ... okay on input line 42.
LaTeX Font Info:    Checking defaults for C64/mj/m/n on input line 42.
LaTeX Font Info:    ... okay on input line 42.
LaTeX Font Info:    Checking defaults for C65/mj/m/n on input line 42.
LaTeX Font Info:    ... okay on input line 42.
LaTeX Font Info:    Checking defaults for C70/song/m/n on input line 42.
LaTeX Font Info:    ... okay on input line 42.
LaTeX Font Info:    Checking defaults for C31/song/m/n on input line 42.
LaTeX Font Info:    ... okay on input line 42.
LaTeX Font Info:    Checking defaults for C32/song/m/n on input line 42.
LaTeX Font Info:    ... okay on input line 42.
LaTeX Font Info:    Checking defaults for C33/song/m/n on input line 42.
LaTeX Font Info:    ... okay on input line 42.
LaTeX Font Info:    Checking defaults for C34/song/m/n on input line 42.
LaTeX Font Info:    ... okay on input line 42.
LaTeX Font Info:    Checking defaults for C35/song/m/n on input line 42.
LaTeX Font Info:    ... okay on input line 42.
LaTeX Font Info:    Checking defaults for C36/song/m/n on input line 42.
LaTeX Font Info:    ... okay on input line 42.
LaTeX Font Info:    Checking defaults for C37/song/m/n on input line 42.
LaTeX Font Info:    ... okay on input line 42.
LaTeX Font Info:    Checking defaults for C80/song/m/n on input line 42.
LaTeX Font Info:    ... okay on input line 42.
LaTeX Font Info:    Checking defaults for C81/song/m/n on input line 42.
LaTeX Font Info:    ... okay on input line 42.
LaTeX Font Info:    Checking defaults for C01/song/m/n on input line 42.
LaTeX Font Info:    ... okay on input line 42.
LaTeX Font Info:    Checking defaults for C11/song/m/n on input line 42.
LaTeX Font Info:    ... okay on input line 42.
LaTeX Font Info:    Checking defaults for C21/song/m/n on input line 42.
LaTeX Font Info:    ... okay on input line 42.
LaTeX Font Info:    Checking defaults for C41/song/m/n on input line 42.
LaTeX Font Info:    ... okay on input line 42.
LaTeX Font Info:    Checking defaults for C62/song/m/n on input line 42.
LaTeX Font Info:    ... okay on input line 42.
 (D:\CTEX\MiKTeX\tex\context\base\supp-pdf.mkii
[Loading MPS to PDF converter (version 2006.09.02).]
\scratchcounter=\count192
\scratchdimen=\dimen165
\scratchbox=\box40
\nofMPsegments=\count193
\nofMParguments=\count194
\everyMPshowfont=\toks27
\MPscratchCnt=\count195
\MPscratchDim=\dimen166
\MPnumerator=\count196
\makeMPintoPDFobject=\count197
\everyMPtoPDFconversion=\toks28
)
\c@lstlisting=\count198
 (D:\CTEX\MiKTeX\tex\latex\cjk\standard.bdg
File: standard.bdg 2008/12/29 4.8.2
)
(D:\CTEX\MiKTeX\tex\latex\cjk\extended.enc
File: extended.enc 2008/12/29 4.8.2
)
(D:\CTEX\MiKTeX\tex\latex\cjk\extended.chr
File: extended.chr 2008/12/29 4.8.2
)
LaTeX Font Info:    Try loading font information for C19+rm on input line 56.

(D:\CTEX\MiKTeX\tex\latex\ctex\fd\c19rm.fd
File: c19rm.fd 2007/05/06 v0.8a ctex font definition file
) [1


] [2

]
(C:\Users\Glass\Documents\GitHub\DeepLearningLecture\Lecture.toc
LaTeX Font Info:    Try loading font information for U+msa on input line 2.

(D:\CTEX\MiKTeX\tex\latex\amsfonts\umsa.fd
File: umsa.fd 2009/06/22 v3.00 AMS symbols A
)
LaTeX Font Info:    Try loading font information for U+msb on input line 2.

(D:\CTEX\MiKTeX\tex\latex\amsfonts\umsb.fd
File: umsb.fd 2009/06/22 v3.00 AMS symbols B
)
Package CJKpunct Info: punctuation spaces for family 'zhsong' do not exist. Use
 family 'def' instead. on input line 21.
 [3] [4])
\tf@toc=\write3
 [5] [6

]
µ⁄“ª’¬

Underfull \hbox (badness 10000) in paragraph at lines 72--73

 []


Underfull \hbox (badness 10000) in paragraph at lines 74--75

 []


Underfull \hbox (badness 10000) in paragraph at lines 76--77

 []

[7]
Underfull \hbox (badness 10000) in paragraph at lines 78--79

 []


Underfull \hbox (badness 10000) in paragraph at lines 80--81

 []


Underfull \hbox (badness 10000) in paragraph at lines 82--83

 []


Underfull \vbox (badness 10000) has occurred while \output is active []

 [8]
[9] [10

]
µ⁄∂˛’¬
[11] [12]
Overfull \hbox (49.88037pt too wide) in paragraph at lines 159--160
[]\C19/rm/m/n/10.54/40 È \C19/rm/m/n/10.54/62 u \C19/rm/m/n/10.54/61 ò \C19/rm/
m/n/10.54/42 á$\OML/cmm/m/it/10.54 p$\C19/rm/m/n/10.54/58 ë \C19/rm/m/n/10.54/5
9 ï \C19/rm/m/n/10.54/48 ˛$[] \OMS/cmsy/m/n/10.54 2 \U/msb/m/n/10.54 R[]$|\C19/
rm/m/n/10.54/26 ß| \C19/rm/m/n/10.54/43 º \C19/rm/m/n/10.54/55 Í$\OML/cmm/m/it/
10.54 y \OT1/cmr/m/n/10.54 = \OML/cmm/m/it/10.54 f\OT1/cmr/m/n/10.54 (\OML/cmm/
m/it/10.54 x\OT1/cmr/m/n/10.54 ) = [][] \OMS/cmsy/m/n/10.54 2$
 []

LaTeX Font Info:    Try loading font information for OMS+cmr on input line 174.

(D:\CTEX\MiKTeX\tex\latex\base\omscmr.fd
File: omscmr.fd 1999/05/25 v2.5h Standard LaTeX font definitions
)
LaTeX Font Info:    Font shape `OMS/cmr/m/n' in size <10.54> not available
(Font)              Font shape `OMS/cmsy/m/n' tried instead on input line 174.
 [13]
Overfull \hbox (19.81152pt too wide) in paragraph at lines 227--229
[]\OT1/cmr/m/n/10.54 softmax \C19/rm/m/n/10.54/43 º \C19/rm/m/n/10.54/55 Í ¥ \C
19/rm/m/n/10.54/45 Ú \C19/rm/m/n/10.54/40 ı \C19/rm/m/n/10.54/42 á \C19/rm/m/n/
10.54/37 I \C19/rm/m/n/10.54/48 ˛ \C19/rm/m/n/10.54/62 N \C19/rm/m/n/10.54/55 
 \C19/rm/m/n/10.54/58 è \C19/rm/m/n/10.54/61 ò \C19/rm/m/n/10.54/42 á V \C19/rm
/m/n/10.54/49 « \C19/rm/m/n/10.54/41 © \C19/rm/m/n/10.54/37 Ÿ|\C19/rm/m/n/10.54
/25 "| \C19/rm/m/n/10.54/40 È \C19/rm/m/n/10.54/62 u$\OML/cmm/m/it/10.54 K$\C19
/rm/m/n/10.54/42 á \C19/rm/m/n/10.54/37 I \C19/rm/m/n/10.54/48 ˛$\OML/cmm/m/it/
10.54 x[]; []  ; x[]$|\C19/rm/m/n/10.54/26 ß|
 []

[14] [15]
Overfull \hbox (0.93462pt too wide) in paragraph at lines 269--270
[]\C19/rm/m/n/10.54/59 ç [ \C19/rm/m/n/10.54/40  \C19/rm/m/n/10.54/46 › \C19/r
m/m/n/10.54/64 
 \C19/rm/m/n/10.54/52 † \C19/rm/m/n/10.54/40  \C19/rm/m/n/10.54/55 Í \C19/rm/m
/n/10.54/37 Î \C19/rm/m/n/10.54/47 \OT1/cmr/m/n/10.54 :https://en.wikipedia.or
g/wiki/Matrix[]calculus. 
 []

[16]
µ⁄»˝’¬
<pics/31.png, id=145, 399.74344pt x 69.25874pt>
File: pics/31.png Graphic file (type png)
 <use pics/31.png>
Package pdftex.def Info: pics/31.png used on input line 286.
(pdftex.def)             Requested size: 399.74245pt x 69.25856pt.

Overfull \hbox (54.74245pt too wide) in paragraph at lines 286--287
 [][] 
 []

[17

 <C:/Users/Glass/Documents/GitHub/DeepLearningLecture/pics/31.png>] [18]
Missing character: There is no § in font cmr10!

Underfull \hbox (badness 10000) in paragraph at lines 351--353

 []

[19]
Overfull \hbox (13.4453pt too wide) in paragraph at lines 354--356
[]\OT1/cmr/bx/n/10.54 Hinge\C19/rm/bx/n/10.54/56 õ \C19/rm/bx/n/10.54/55 î \C19
/rm/bx/n/10.54/43 º \C19/rm/bx/n/10.54/55 Í\OT1/cmr/m/n/10.54 (Hinge Loss Func-
tion) \C19/rm/m/n/10.54/40 È \C19/rm/m/n/10.54/62 u \C19/rm/m/n/10.54/48 ¸ a \C
19/rm/m/n/10.54/41 © \C19/rm/m/n/10.54/48 a \C19/rm/m/n/10.54/58 Ø \C19/rm/m/n/
10.54/57 K|\C19/rm/m/n/10.54/26 ß| \C19/rm/m/n/10.54/45 b \C19/rm/m/n/10.54/55 
$\OML/cmm/m/it/10.54 y$\C19/rm/m/n/10.54/43 ⁄$\OML/cmm/m/it/10.54 f\OT1/cmr/m/
n/10.54 (\OML/cmm/m/it/10.54 x; \OT1/cmr/m/n/10.54 )$
 []

Package CJKpunct Info: punctuation spaces for family 'zhhei' do not exist. Use 
family 'def' instead. on input line 360.
<pics/32.png, id=164, 282.30469pt x 88.07906pt>
File: pics/32.png Graphic file (type png)
 <use pics/32.png>
Package pdftex.def Info: pics/32.png used on input line 364.
(pdftex.def)             Requested size: 282.30399pt x 88.07883pt.
 [20 <C:/Users/Glass/Documents/GitHub/DeepLearningLecture/pics/32.png>]
Overfull \hbox (0.19733pt too wide) in paragraph at lines 381--382
[]\C19/rm/m/n/10.54/54 X \C19/rm/m/n/10.54/43 J \C19/rm/m/n/10.54/61 ò \C19/rm/
m/n/10.54/42 á \C19/rm/m/n/10.54/37 C \C19/rm/m/n/10.54/48 ˛$\OML/cmm/m/it/10.5
4 T$\C19/rm/m/n/10.54/63 3 \C19/rm/m/n/10.54/57 ⁄ \C19/rm/m/n/10.54/45 O \C19/r
m/m/n/10.54/61 ø ¬ \C19/rm/m/n/10.54/54 ˛ \C19/rm/m/n/10.54/57 J \C19/rm/m/n/10
.54/42 ¯ \C19/rm/m/n/10.54/63 ˝ \C19/rm/m/n/10.54/55 ¢ \C19/rm/m/n/10.54/64 ä |
\C19/rm/m/n/10.54/26 £|\C19/rm/m/n/10.54/61 è \C19/rm/m/n/10.54/46 “ \C19/rm/m/
n/10.54/55 ¥ \C19/rm/m/n/10.54/56 `$\OML/cmm/m/it/10.54 p\OT1/cmr/m/n/10.54 (\O
ML/cmm/m/it/10.54 t\OT1/cmr/m/n/10.54 ) = (\OML/cmm/m/it/10.54 p[]; [] ; p[]\OT
1/cmr/m/n/10.54 )$
 []

<pics/33.png, id=172, 348.30125pt x 174.6525pt>
File: pics/33.png Graphic file (type png)
 <use pics/33.png>
Package pdftex.def Info: pics/33.png used on input line 388.
(pdftex.def)             Requested size: 348.3004pt x 174.65207pt.

Overfull \hbox (3.3004pt too wide) in paragraph at lines 388--389
 [][] 
 []

<pics/34.png, id=173, 375.4025pt x 123.46124pt>
File: pics/34.png Graphic file (type png)
 <use pics/34.png>
Package pdftex.def Info: pics/34.png used on input line 394.
(pdftex.def)             Requested size: 375.40158pt x 123.46092pt.

Overfull \hbox (30.40158pt too wide) in paragraph at lines 394--395
 [][] 
 []

[21 <C:/Users/Glass/Documents/GitHub/DeepLearningLecture/pics/33.png>]
<pics/35.png, id=178, 371.3875pt x 139.52126pt>
File: pics/35.png Graphic file (type png)
 <use pics/35.png>
Package pdftex.def Info: pics/35.png used on input line 420.
(pdftex.def)             Requested size: 371.38658pt x 139.5209pt.

Overfull \hbox (26.38658pt too wide) in paragraph at lines 420--421
 [][] 
 []


Underfull \vbox (badness 1831) has occurred while \output is active []

 [22 <C:/Users/Glass/Documents/GitHub/DeepLearningLecture/pics/34.png>] [23 <C:
/Users/Glass/Documents/GitHub/DeepLearningLecture/pics/35.png>]
Underfull \hbox (badness 10000) in paragraph at lines 456--457

 []


Underfull \hbox (badness 10000) in paragraph at lines 458--460

 []


Underfull \hbox (badness 10000) in paragraph at lines 461--463

 []


Underfull \hbox (badness 10000) in paragraph at lines 464--466

 []


Underfull \hbox (badness 10000) in paragraph at lines 467--469

 []

[24]
Underfull \hbox (badness 10000) in paragraph at lines 474--476

 []


Underfull \hbox (badness 10000) in paragraph at lines 477--479

 []

[25] [26]
Underfull \hbox (badness 10000) in paragraph at lines 528--529

 []


Underfull \hbox (badness 10000) in paragraph at lines 530--532

 []

[27] [28]
µ⁄Àƒ’¬
[29

] [30

]
µ⁄ŒÂ’¬
[31] [32

]
µ⁄¡˘’¬
[33] <pics/add1.png, id=225, 232.87pt x 80.3pt>
File: pics/add1.png Graphic file (type png)
 <use pics/add1.png>
Package pdftex.def Info: pics/add1.png used on input line 627.
(pdftex.def)             Requested size: 232.86942pt x 80.29979pt.

Underfull \vbox (badness 10000) has occurred while \output is active []

 [34]
<pics/add2.png, id=229, 132.495pt x 143.93774pt>
File: pics/add2.png Graphic file (type png)
 <use pics/add2.png>
Package pdftex.def Info: pics/add2.png used on input line 654.
(pdftex.def)             Requested size: 132.49466pt x 143.93738pt.
 [35 <C:/Users/Glass/Documents/GitHub/DeepLearningLecture/pics/add1.png>] [36 <
C:/Users/Glass/Documents/GitHub/DeepLearningLecture/pics/add2.png>]
<pics/add3.png, id=238, 448.67625pt x 236.885pt>
File: pics/add3.png Graphic file (type png)
 <use pics/add3.png>
Package pdftex.def Info: pics/add3.png used on input line 689.
(pdftex.def)             Requested size: 448.67516pt x 236.88441pt.

Overfull \hbox (103.67516pt too wide) in paragraph at lines 689--690
 [][] 
 []

[37 <C:/Users/Glass/Documents/GitHub/DeepLearningLecture/pics/add3.png>]
[38

]
µ⁄∆ﬂ’¬

Overfull \hbox (1.38213pt too wide) in paragraph at lines 711--712
[]\C19/rm/m/n/10.54/61 ò \C19/rm/m/n/10.54/58 ë \C19/rm/m/n/10.54/46 Ú \C19/rm/
m/n/10.54/44 » \C19/rm/m/n/10.54/46 ≤ \C19/rm/m/n/10.54/38 ~ \C19/rm/m/n/10.54/
62 ^ \C19/rm/m/n/10.54/63 3 \C19/rm/m/n/10.54/60 & \C19/rm/m/n/10.54/43 “ \C19/
rm/m/n/10.54/39 ? \C19/rm/m/n/10.54/48 n \C19/rm/m/n/10.54/64 •|\C19/rm/m/n/10.
54/25 "| \C19/rm/m/n/10.54/42 â \C19/rm/m/n/10.54/40 Ω \C19/rm/m/n/10.54/61 ò \
C19/rm/m/n/10.54/42 á \C19/rm/m/n/10.54/55 — \C19/rm/m/n/10.54/54 \ \C19/rm/m/n
/10.54/60 & \C19/rm/m/n/10.54/43 “ \C19/rm/m/n/10.54/60 S \C19/rm/m/n/10.54/49 
$\OML/cmm/m/it/10.54 x[]; t \OT1/cmr/m/n/10.54 = 1\OML/cmm/m/it/10.54 ; []  ; 
n$|\C19/rm/m/n/10.54/26 ß|
 []

[39] <pics/61.png, id=251, 231.11343pt x 222.8325pt>
File: pics/61.png Graphic file (type png)
 <use pics/61.png>
Package pdftex.def Info: pics/61.png used on input line 737.
(pdftex.def)             Requested size: 231.11287pt x 222.83195pt.
 [40 <C:/Users/Glass/Documents/GitHub/DeepLearningLecture/pics/61.png>] [41]
<pics/62.png, id=264, 361.35pt x 185.94469pt>
File: pics/62.png Graphic file (type png)
 <use pics/62.png>
Package pdftex.def Info: pics/62.png used on input line 776.
(pdftex.def)             Requested size: 361.34912pt x 185.94421pt.

Overfull \hbox (16.34912pt too wide) in paragraph at lines 776--777
 [][] 
 []

[42 <C:/Users/Glass/Documents/GitHub/DeepLearningLecture/pics/62.png>]
<pics/63.png, id=269, 201.75375pt x 71.51718pt>
File: pics/63.png Graphic file (type png)
 <use pics/63.png>
Package pdftex.def Info: pics/63.png used on input line 797.
(pdftex.def)             Requested size: 201.75325pt x 71.517pt.
 [43 <C:/Users/Glass/Documents/GitHub/DeepLearningLecture/pics/63.png>]
<pics/64.png, id=275, 426.09187pt x 114.4275pt>
File: pics/64.png Graphic file (type png)
 <use pics/64.png>
Package pdftex.def Info: pics/64.png used on input line 836.
(pdftex.def)             Requested size: 426.09082pt x 114.42722pt.

Overfull \hbox (81.09082pt too wide) in paragraph at lines 836--837
 [][] 
 []

<pics/65.png, id=276, 260.47313pt x 97.11281pt>
File: pics/65.png Graphic file (type png)
 <use pics/65.png>
Package pdftex.def Info: pics/65.png used on input line 842.
(pdftex.def)             Requested size: 260.47249pt x 97.11256pt.
 [44 <C:/Users/Glass/Documents/GitHub/DeepLearningLecture/pics/64.png>] [45 <C:
/Users/Glass/Documents/GitHub/DeepLearningLecture/pics/65.png>] [46] [47] [48]
(D:\CTEX\MiKTeX\tex\latex\listings\lstlang1.sty
File: lstlang1.sty 2004/09/05 1.3 listings language file
)
(D:\CTEX\MiKTeX\tex\latex\listings\lstlang1.sty
File: lstlang1.sty 2004/09/05 1.3 listings language file
)
(D:\CTEX\MiKTeX\tex\latex\listings\lstmisc.sty
File: lstmisc.sty 2007/02/22 1.4 (Carsten Heinz)
)
LaTeX Font Info:    Try loading font information for OML+cmr on input line 945.


(D:\CTEX\MiKTeX\tex\latex\base\omlcmr.fd
File: omlcmr.fd 1999/05/25 v2.5h Standard LaTeX font definitions
)
LaTeX Font Info:    Font shape `OML/cmr/m/n' in size <7.53> not available
(Font)              Font shape `OML/cmm/m/it' tried instead on input line 945.
LaTeX Font Info:    Font shape `OMS/cmr/m/n' in size <7.53> not available
(Font)              Font shape `OMS/cmsy/m/n' tried instead on input line 953.
 [49] [50]
Underfull \hbox (badness 10000) in paragraph at lines 1000--1002

 []

[51] <pics/66.png, id=307, 344.78813pt x 440.39531pt>
File: pics/66.png Graphic file (type png)
 <use pics/66.png>
Package pdftex.def Info: pics/66.png used on input line 1075.
(pdftex.def)             Requested size: 344.78728pt x 440.39423pt.

[52] [53] [54 <C:/Users/Glass/Documents/GitHub/DeepLearningLecture/pics/66.png>
]
µ⁄∞À’¬
<pics/71.png, id=320, 179.92218pt x 169.38281pt>
File: pics/71.png Graphic file (type png)
 <use pics/71.png>
Package pdftex.def Info: pics/71.png used on input line 1113.
(pdftex.def)             Requested size: 179.92174pt x 169.38239pt.
 [55

]
<pics/72.png, id=325, 345.54094pt x 97.86563pt>
File: pics/72.png Graphic file (type png)
 <use pics/72.png>
Package pdftex.def Info: pics/72.png used on input line 1130.
(pdftex.def)             Requested size: 345.54008pt x 97.86537pt.

Overfull \hbox (0.54008pt too wide) in paragraph at lines 1130--1131
 [][] 
 []

<pics/73.png, id=326, 343.2825pt x 94.85437pt>
File: pics/73.png Graphic file (type png)
 <use pics/73.png>
Package pdftex.def Info: pics/73.png used on input line 1140.
(pdftex.def)             Requested size: 343.28165pt x 94.85413pt.

Overfull \hbox (16.2876pt too wide) in paragraph at lines 1137--1144
[]\C19/rm/m/n/10.54/60 Ã \C19/rm/m/n/10.54/44 Ç \C19/rm/m/n/10.54/55   \C19/rm/
m/n/10.54/46 ≤ \C19/rm/m/n/10.54/58  \C19/rm/m/n/10.54/49 ‰ \C19/rm/m/n/10.54/
40  \C19/rm/m/n/10.54/37 Î \C19/rm/m/n/10.54/55 Í \C19/rm/m/n/10.54/60 ‘ \C19/
rm/m/n/10.54/48 ˆ \C19/rm/m/n/10.54/47 å \C19/rm/m/n/10.54/61 ± \C19/rm/m/n/10.
54/57 œ \C19/rm/m/n/10.54/43 L \C19/rm/bx/n/10.54/56 ë \C19/rm/bx/n/10.54/55 û 
\C19/rm/bx/n/10.54/45 m \C19/rm/bx/n/10.54/46 ? \C19/rm/bx/n/10.54/60 1 \C19/rm
/bx/n/10.54/41 á \C19/rm/bx/n/10.54/59 ï \C19/rm/bx/n/10.54/39 D \C19/rm/bx/n/1
0.54/37 ¬ |\C19/rm/m/n/10.54/26 £|\OT1/cmr/m/n/10.54 Backpropagation
 []

[56 <C:/Users/Glass/Documents/GitHub/DeepLearningLecture/pics/71.png>] [57 <C:/
Users/Glass/Documents/GitHub/DeepLearningLecture/pics/72.png> <C:/Users/Glass/D
ocuments/GitHub/DeepLearningLecture/pics/73.png>]
Overfull \hbox (3.2012pt too wide) in paragraph at lines 1166--1167
[]\C19/rm/m/n/10.54/58 ∑ \C19/rm/m/n/10.54/50 Ç \C19/rm/m/n/10.54/40 Ω \C19/rm/
m/n/10.54/61 ¬$\OML/cmm/m/it/10.54  \OT1/cmr/m/n/10.54 = \OMS/cmsy/m/n/10.54 j
j\OML/cmm/m/it/10.54 U[][]\OT1/cmr/m/n/10.54 [\OML/cmm/m/it/10.54 f[]\OT1/cmr/m
/n/10.54 (\OML/cmm/m/it/10.54 h[]\OT1/cmr/m/n/10.54 )]\OMS/cmsy/m/n/10.54 jj$|\
C19/rm/m/n/10.54/26 ß| \C19/rm/m/n/10.54/63 K 3 \C19/rm/m/n/10.54/54 ˛ \C19/rm/
m/n/10.54/50 ° \C19/rm/m/n/10.54/42 ˙ \C19/rm/m/n/10.54/55 ™ \C19/rm/m/n/10.54/
64 • \C19/rm/m/n/10.54/40  \C19/rm/m/n/10.54/48 ) \C19/rm/m/n/10.54/43 “ \C19/
rm/m/n/10.54/48 p \C19/rm/m/n/10.54/50 ° \C19/rm/m/n/10.54/58 è$\OML/cmm/m/it/1
0.54 []$|\C19/rm/m/n/10.54/25 "|
 []

[58]
Overfull \hbox (1.69278pt too wide) in paragraph at lines 1194--1195
\OT1/cmr/m/n/10.54 and Schmidhuber[[]]\C19/rm/m/n/10.54/57 J \C19/rm/m/n/10.54/
38 — \C19/rm/m/n/10.54/61 ò \C19/rm/m/n/10.54/42 á \C19/rm/m/n/10.54/41 ö \C19/
rm/m/n/10.54/38 ~ \C19/rm/m/n/10.54/43 – \C19/rm/m/n/10.54/40  \C19/rm/m/n/10.
54/46 ) ˚ \C19/rm/m/n/10.54/41 ê \C19/rm/m/n/10.54/36 Y|\C19/rm/m/n/10.54/26 ß|
 \C19/rm/m/n/10.54/46 “ \C19/rm/m/n/10.54/55 ¥ \C19/rm/m/n/10.54/61 ⁄ \C19/rm/m
/n/10.54/54 \ \C19/rm/m/n/10.54/50 Ä \C19/rm/m/n/10.54/44 ≈ \C19/rm/m/n/10.54/6
4 õ |\C19/rm/m/n/10.54/26 £|\OT1/cmr/m/n/10.54 Gating
 []

<pics/74.png, id=340, 324.46219pt x 231.86626pt>
File: pics/74.png Graphic file (type png)
 <use pics/74.png>
Package pdftex.def Info: pics/74.png used on input line 1214.
(pdftex.def)             Requested size: 324.46138pt x 231.86568pt.
 [59]
Underfull \vbox (badness 10000) has occurred while \output is active []

 [60 <C:/Users/Glass/Documents/GitHub/DeepLearningLecture/pics/74.png>]
(C:\Users\Glass\Documents\GitHub\DeepLearningLecture\Lecture.bbl [61] [62

]
LaTeX Font Info:    Font shape `OMS/cmr/m/it' in size <10.54> not available
(Font)              Font shape `OMS/cmsy/m/n' tried instead on input line 6.

[63] [64]) [65]
(C:\Users\Glass\Documents\GitHub\DeepLearningLecture\Lecture.aux)

LaTeX Warning: There were multiply-defined labels.

 ) 
Here is how much of TeX's memory you used:
 12974 strings out of 495354
 204869 string characters out of 3183859
 303026 words of memory out of 3000000
 15789 multiletter control sequences out of 15000+200000
 79086 words of font info for 268 fonts, out of 3000000 for 9000
 14 hyphenation exceptions out of 8191
 36i,22n,58p,871b,1730s stack positions out of 5000i,500n,10000p,200000b,50000s
<C:/WINDOWS/Fonts/simsun.ttc><C:/WINDOWS/Fonts/simsun.ttc><C:/WINDOWS/Fonts/s
imsun.ttc><C:/WINDOWS/Fonts/simsun.ttc><C:/WINDOWS/Fonts/simsun.ttc><C:/WINDOWS
/Fonts/simsun.ttc><C:/WINDOWS/Fonts/simsun.ttc><C:/WINDOWS/Fonts/simsun.ttc><C:
/WINDOWS/Fonts/simsun.ttc><C:/WINDOWS/Fonts/simsun.ttc><C:/WINDOWS/Fonts/simsun
.ttc><C:/WINDOWS/Fonts/simsun.ttc><C:/WINDOWS/Fonts/simsun.ttc><C:/WINDOWS/Font
s/simhei.ttf><C:/WINDOWS/Fonts/simhei.ttf><C:/WINDOWS/Fonts/simhei.ttf><C:/WIND
OWS/Fonts/simhei.ttf><C:/WINDOWS/Fonts/simhei.ttf><C:/WINDOWS/Fonts/simsun.ttc>
<C:/WINDOWS/Fonts/simhei.ttf><C:/WINDOWS/Fonts/simsun.ttc><C:/WINDOWS/Fonts/sim
sun.ttc><C:/WINDOWS/Fonts/simsun.ttc><C:/WINDOWS/Fonts/simsun.ttc><C:/WINDOWS/F
onts/simsun.ttc><C:/WINDOWS/Fonts/simsun.ttc><C:/WINDOWS/Fonts/simsun.ttc><C:/W
INDOWS/Fonts/simhei.ttf><C:/WINDOWS/Fonts/simsun.ttc><C:/WINDOWS/Fonts/simsun.t
tc><C:/WINDOWS/Fonts/simsun.ttc><C:/WINDOWS/Fonts/simhei.ttf><C:/WINDOWS/Fonts/
simsun.ttc><C:/WINDOWS/Fonts/simsun.ttc><C:/WINDOWS/Fonts/simsun.ttc><C:/WINDOW
S/Fonts/simsun.ttc><C:/WINDOWS/Fonts/simsun.ttc><C:/WINDOWS/Fonts/simhei.ttf><C
:/WINDOWS/Fonts/simsun.ttc><C:/WINDOWS/Fonts/simsun.ttc><C:/WINDOWS/Fonts/simsu
n.ttc><C:/WINDOWS/Fonts/simsun.ttc><C:/WINDOWS/Fonts/simsun.ttc><C:/WINDOWS/Fon
ts/simsun.ttc><C:/WINDOWS/Fonts/simsun.ttc><C:/WINDOWS/Fonts/simhei.ttf><C:/WIN
DOWS/Fonts/simhei.ttf><C:/WINDOWS/Fonts/simsun.ttc><C:/WINDOWS/Fonts/simsun.ttc
><C:/WINDOWS/Fonts/simsun.ttc><C:/WINDOWS/Fonts/simsun.ttc><C:/WINDOWS/Fonts/si
mhei.ttf><C:/WINDOWS/Fonts/simsun.ttc><C:/WINDOWS/Fonts/simsun.ttc><C:/WINDOWS/
Fonts/simsun.ttc><C:/WINDOWS/Fonts/simsun.ttc><C:/WINDOWS/Fonts/simsun.ttc><C:/
WINDOWS/Fonts/simsun.ttc><C:/WINDOWS/Fonts/simhei.ttf><C:/WINDOWS/Fonts/simhei.
ttf><C:/WINDOWS/Fonts/simhei.ttf><C:/WINDOWS/Fonts/simhei.ttf><C:/WINDOWS/Fonts
/simsun.ttc><C:/WINDOWS/Fonts/simsun.ttc><C:/WINDOWS/Fonts/simsun.ttc><C:/WINDO
WS/Fonts/simsun.ttc><C:/WINDOWS/Fonts/simsun.ttc><C:/WINDOWS/Fonts/simsun.ttc><
C:/WINDOWS/Fonts/simsun.ttc><C:/WINDOWS/Fonts/simsun.ttc><C:/WINDOWS/Fonts/sims
un.ttc><C:/WINDOWS/Fonts/simsun.ttc><C:/WINDOWS/Fonts/simsun.ttc><C:/WINDOWS/Fo
nts/simsun.ttc><C:/WINDOWS/Fonts/simsun.ttc><C:/WINDOWS/Fonts/simhei.ttf><C:/WI
NDOWS/Fonts/simhei.ttf><C:/WINDOWS/Fonts/simhei.ttf><C:/WINDOWS/Fonts/simsun.tt
c><C:/WINDOWS/Fonts/simsun.ttc><C:/WINDOWS/Fonts/simsun.ttc><C:/WINDOWS/Fonts/s
imsun.ttc><C:/WINDOWS/Fonts/simsun.ttc><C:/WINDOWS/Fonts/simsun.ttc><C:/WINDOWS
/Fonts/simhei.ttf><C:/WINDOWS/Fonts/simhei.ttf><C:/WINDOWS/Fonts/simhei.ttf><C:
/WINDOWS/Fonts/simsun.ttc><C:/WINDOWS/Fonts/simsun.ttc><C:/WINDOWS/Fonts/simsun
.ttc><C:/WINDOWS/Fonts/simhei.ttf><C:/WINDOWS/Fonts/simhei.ttf><C:/WINDOWS/Font
s/simhei.ttf><C:/WINDOWS/Fonts/simhei.ttf><C:/WINDOWS/Fonts/simhei.ttf><C:/WIND
OWS/Fonts/simhei.ttf><C:/WINDOWS/Fonts/simhei.ttf><C:/WINDOWS/Fonts/simhei.ttf>
<C:/WINDOWS/Fonts/simhei.ttf><C:/WINDOWS/Fonts/simhei.ttf><D:/CTEX/MiKTeX/fonts
/type1/public/amsfonts/cm/cmbx10.pfb><D:/CTEX/MiKTeX/fonts/type1/public/amsfont
s/cm/cmbx12.pfb><D:/CTEX/MiKTeX/fonts/type1/public/amsfonts/cm/cmbx7.pfb><D:/CT
EX/MiKTeX/fonts/type1/public/amsfonts/cm/cmcsc10.pfb><D:/CTEX/MiKTeX/fonts/type
1/public/amsfonts/cm/cmex10.pfb><D:/CTEX/MiKTeX/fonts/type1/public/amsfonts/cm/
cmmi10.pfb><D:/CTEX/MiKTeX/fonts/type1/public/amsfonts/cm/cmmi5.pfb><D:/CTEX/Mi
KTeX/fonts/type1/public/amsfonts/cm/cmmi7.pfb><D:/CTEX/MiKTeX/fonts/type1/publi
c/amsfonts/cm/cmmib10.pfb><D:/CTEX/MiKTeX/fonts/type1/public/amsfonts/cmextra/c
mmib7.pfb><D:/CTEX/MiKTeX/fonts/type1/public/amsfonts/cm/cmr10.pfb><D:/CTEX/MiK
TeX/fonts/type1/public/amsfonts/cm/cmr12.pfb><D:/CTEX/MiKTeX/fonts/type1/public
/amsfonts/cm/cmr5.pfb><D:/CTEX/MiKTeX/fonts/type1/public/amsfonts/cm/cmr7.pfb><
D:/CTEX/MiKTeX/fonts/type1/public/amsfonts/cm/cmsl10.pfb><D:/CTEX/MiKTeX/fonts/
type1/public/amsfonts/cm/cmsy10.pfb><D:/CTEX/MiKTeX/fonts/type1/public/amsfonts
/cm/cmsy5.pfb><D:/CTEX/MiKTeX/fonts/type1/public/amsfonts/cm/cmsy7.pfb><D:/CTEX
/MiKTeX/fonts/type1/public/amsfonts/cm/cmti10.pfb><D:/CTEX/MiKTeX/fonts/type1/p
ublic/amsfonts/cm/cmti12.pfb><D:/CTEX/MiKTeX/fonts/type1/public/amsfonts/symbol
s/msbm10.pfb>
Output written on Lecture.pdf (65 pages, 1984549 bytes).
PDF statistics:
 732 PDF objects out of 1000 (max. 8388607)
 0 named destinations out of 1000 (max. 500000)
 91 words of extra memory for PDF output out of 10000 (max. 10000000)

